This is TeX, Version 3.1415926 (TeX Live 2013/Debian) (format=tex 2014.4.21)  2 FEB 2015 00:40
**/home/shotaro/Workspace/sotsuron/sotsuron/latex/03-3-1.tex
(/home/shotaro/Workspace/sotsuron/sotsuron/latex/03-3-1.tex
Missing character: There is no ^^e6 in font cmr10!
Missing character: There is no ^^ac in font cmr10!
Missing character: There is no ^^a1 in font cmr10!
Missing character: There is no ^^e3 in font cmr10!
Missing character: There is no ^^81 in font cmr10!
Missing character: There is no ^^ab in font cmr10!
Missing character: There is no ^^e3 in font cmr10!
Missing character: There is no ^^80 in font cmr10!
Missing character: There is no ^^81 in font cmr10!
Missing character: There is no ^^e3 in font cmr10!
Missing character: There is no ^^81 in font cmr10!
Missing character: There is no ^^ae in font cmr10!
Missing character: There is no ^^e6 in font cmr10!
Missing character: There is no ^^95 in font cmr10!
Missing character: There is no ^^b0 in font cmr10!
Missing character: There is no ^^e3 in font cmr10!
Missing character: There is no ^^81 in font cmr10!
Missing character: There is no ^^8c in font cmr10!
Missing character: There is no ^^e5 in font cmr10!
Missing character: There is no ^^a4 in font cmr10!
Missing character: There is no ^^89 in font cmr10!
Missing character: There is no ^^e5 in font cmr10!
Missing character: There is no ^^8c in font cmr10!
Missing character: There is no ^^96 in font cmr10!
Missing character: There is no ^^e3 in font cmr10!
Missing character: There is no ^^81 in font cmr10!
Missing character: There is no ^^97 in font cmr10!
Missing character: There is no ^^e3 in font cmr10!
Missing character: There is no ^^81 in font cmr10!
Missing character: There is no ^^9f in font cmr10!
Missing character: There is no ^^e3 in font cmr10!
Missing character: There is no ^^81 in font cmr10!
Missing character: There is no ^^a8 in font cmr10!
Missing character: There is no ^^e3 in font cmr10!
Missing character: There is no ^^81 in font cmr10!
Missing character: There is no ^^8d in font cmr10!
Missing character: There is no ^^e3 in font cmr10!
Missing character: There is no ^^81 in font cmr10!
Missing character: There is no ^^ab in font cmr10!
Missing character: There is no ^^e3 in font cmr10!
Missing character: There is no ^^82 in font cmr10!
Missing character: There is no ^^b9 in font cmr10!
Missing character: There is no ^^e3 in font cmr10!
Missing character: There is no ^^83 in font cmr10!
Missing character: There is no ^^86 in font cmr10!
Missing character: There is no ^^e3 in font cmr10!
Missing character: There is no ^^83 in font cmr10!
Missing character: There is no ^^83 in font cmr10!
Missing character: There is no ^^e3 in font cmr10!
Missing character: There is no ^^83 in font cmr10!
Missing character: There is no ^^97 in font cmr10!
Missing character: There is no ^^e9 in font cmr10!
Missing character: There is no ^^96 in font cmr10!
Missing character: There is no ^^93 in font cmr10!
Missing character: There is no ^^e3 in font cmr10!
Missing character: There is no ^^81 in font cmr10!
Missing character: There is no ^^ae in font cmr10!
Missing character: There is no ^^e5 in font cmr10!
Missing character: There is no ^^b9 in font cmr10!
Missing character: There is no ^^b3 in font cmr10!
Missing character: There is no ^^e5 in font cmr10!
Missing character: There is no ^^9d in font cmr10!
Missing character: There is no ^^87 in font cmr10!
Missing character: There is no ^^e7 in font cmr10!
Missing character: There is no ^^a7 in font cmr10!
Missing character: There is no ^^bb in font cmr10!
Missing character: There is no ^^e5 in font cmr10!
Missing character: There is no ^^8b in font cmr10!
Missing character: There is no ^^95 in font cmr10!
Missing character: There is no ^^e8 in font cmr10!
Missing character: There is no ^^b7 in font cmr10!
Missing character: There is no ^^9d in font cmr10!
Missing character: There is no ^^e9 in font cmr10!
Missing character: There is no ^^9b in font cmr10!
Missing character: There is no ^^a2 in font cmr10!
Missing character: There is no ^^e3 in font cmr10!
Missing character: There is no ^^81 in font cmr10!
Missing character: There is no ^^8c in font cmr10!
Missing character: There is no ^^e3 in font cmr10!
Missing character: There is no ^^81 in font cmr10!
Missing character: There is no ^^a9 in font cmr10!
Missing character: There is no ^^e3 in font cmr10!
Missing character: There is no ^^81 in font cmr10!
Missing character: There is no ^^86 in font cmr10!
Missing character: There is no ^^e5 in font cmr10!
Missing character: There is no ^^a4 in font cmr10!
Missing character: There is no ^^89 in font cmr10!
Missing character: There is no ^^e5 in font cmr10!
Missing character: There is no ^^8c in font cmr10!
Missing character: There is no ^^96 in font cmr10!
Missing character: There is no ^^e3 in font cmr10!
Missing character: There is no ^^81 in font cmr10!
Missing character: There is no ^^99 in font cmr10!
Missing character: There is no ^^e3 in font cmr10!
Missing character: There is no ^^82 in font cmr10!
Missing character: There is no ^^8b in font cmr10!
Missing character: There is no ^^e3 in font cmr10!
Missing character: There is no ^^81 in font cmr10!
Missing character: There is no ^^8b in font cmr10!
Missing character: There is no ^^e3 in font cmr10!
Missing character: There is no ^^81 in font cmr10!
Missing character: There is no ^^ab in font cmr10!
Missing character: There is no ^^e3 in font cmr10!
Missing character: There is no ^^81 in font cmr10!
Missing character: There is no ^^a4 in font cmr10!
Missing character: There is no ^^e3 in font cmr10!
Missing character: There is no ^^81 in font cmr10!
Missing character: There is no ^^84 in font cmr10!
Missing character: There is no ^^e3 in font cmr10!
Missing character: There is no ^^81 in font cmr10!
Missing character: There is no ^^a6 in font cmr10!
Missing character: There is no ^^e8 in font cmr10!
Missing character: There is no ^^a6 in font cmr10!
Missing character: There is no ^^8b in font cmr10!
Missing character: There is no ^^e3 in font cmr10!
Missing character: There is no ^^81 in font cmr10!
Missing character: There is no ^^a6 in font cmr10!
Missing character: There is no ^^e3 in font cmr10!
Missing character: There is no ^^81 in font cmr10!
Missing character: There is no ^^bf in font cmr10!
Missing character: There is no ^^e3 in font cmr10!
Missing character: There is no ^^82 in font cmr10!
Missing character: There is no ^^8b in font cmr10!
Missing character: There is no ^^e3 in font cmr10!
Missing character: There is no ^^81 in font cmr10!
Missing character: There is no ^^93 in font cmr10!
Missing character: There is no ^^e3 in font cmr10!
Missing character: There is no ^^81 in font cmr10!
Missing character: There is no ^^a8 in font cmr10!
Missing character: There is no ^^e3 in font cmr10!
Missing character: There is no ^^81 in font cmr10!
Missing character: There is no ^^ab in font cmr10!
Missing character: There is no ^^e3 in font cmr10!
Missing character: There is no ^^81 in font cmr10!
Missing character: There is no ^^99 in font cmr10!
Missing character: There is no ^^e3 in font cmr10!
Missing character: There is no ^^82 in font cmr10!
Missing character: There is no ^^8b in font cmr10!
Missing character: There is no ^^e3 in font cmr10!
Missing character: There is no ^^80 in font cmr10!
Missing character: There is no ^^82 in font cmr10!
Missing character: There is no ^^e3 in font cmr10!
Missing character: There is no ^^81 in font cmr10!
Missing character: There is no ^^93 in font cmr10!
Missing character: There is no ^^e3 in font cmr10!
Missing character: There is no ^^81 in font cmr10!
Missing character: There is no ^^ae in font cmr10!
Missing character: There is no ^^e3 in font cmr10!
Missing character: There is no ^^81 in font cmr10!
Missing character: There is no ^^a8 in font cmr10!
Missing character: There is no ^^e3 in font cmr10!
Missing character: There is no ^^81 in font cmr10!
Missing character: There is no ^^8d in font cmr10!
Missing character: There is no ^^e3 in font cmr10!
Missing character: There is no ^^80 in font cmr10!
Missing character: There is no ^^81 in font cmr10!
Missing character: There is no ^^e7 in font cmr10!
Missing character: There is no ^^82 in font cmr10!
Missing character: There is no ^^b9 in font cmr10!
Missing character: There is no ^^e3 in font cmr10!
Missing character: There is no ^^81 in font cmr10!
Missing character: There is no ^^ae in font cmr10!
Missing character: There is no ^^e7 in font cmr10!
Missing character: There is no ^^b7 in font cmr10!
Missing character: There is no ^^8f in font cmr10!
Missing character: There is no ^^e6 in font cmr10!
Missing character: There is no ^^95 in font cmr10!
Missing character: There is no ^^b0 in font cmr10!
Missing character: There is no ^^e3 in font cmr10!
Missing character: There is no ^^81 in font cmr10!
Missing character: There is no ^^a8 in font cmr10!
Missing character: There is no ^^e3 in font cmr10!
Missing character: There is no ^^81 in font cmr10!
Missing character: There is no ^^ae in font cmr10!
Missing character: There is no ^^e6 in font cmr10!
Missing character: There is no ^^95 in font cmr10!
Missing character: There is no ^^b0 in font cmr10!
Missing character: There is no ^^e3 in font cmr10!
Missing character: There is no ^^80 in font cmr10!
Missing character: There is no ^^81 in font cmr10!
Missing character: There is no ^^e3 in font cmr10!
Missing character: There is no ^^81 in font cmr10!
Missing character: There is no ^^82 in font cmr10!
Missing character: There is no ^^e3 in font cmr10!
Missing character: There is no ^^81 in font cmr10!
Missing character: There is no ^^9f in font cmr10!
Missing character: There is no ^^e3 in font cmr10!
Missing character: There is no ^^82 in font cmr10!
Missing character: There is no ^^8a in font cmr10!
Missing character: There is no ^^e3 in font cmr10!
Missing character: There is no ^^81 in font cmr10!
Missing character: There is no ^^ae in font cmr10!
Missing character: There is no ^^e7 in font cmr10!
Missing character: There is no ^^82 in font cmr10!
Missing character: There is no ^^b9 in font cmr10!
Missing character: There is no ^^e3 in font cmr10!
Missing character: There is no ^^81 in font cmr10!
Missing character: There is no ^^ae in font cmr10!
Missing character: There is no ^^e6 in font cmr10!
Missing character: There is no ^^95 in font cmr10!
Missing character: There is no ^^b0 in font cmr10!
Missing character: There is no ^^e3 in font cmr10!
Missing character: There is no ^^81 in font cmr10!
Missing character: There is no ^^ae in font cmr10!
Missing character: There is no ^^e9 in font cmr10!
Missing character: There is no ^^96 in font cmr10!
Missing character: There is no ^^93 in font cmr10!
Missing character: There is no ^^e3 in font cmr10!
Missing character: There is no ^^81 in font cmr10!
Missing character: There is no ^^ab in font cmr10!
Missing character: There is no ^^e3 in font cmr10!
Missing character: There is no ^^81 in font cmr10!
Missing character: There is no ^^af in font cmr10!
Missing character: There is no ^^e6 in font cmr10!
Missing character: There is no ^^af in font cmr10!
Missing character: There is no ^^94 in font cmr10!
Missing character: There is no ^^e4 in font cmr10!
Missing character: There is no ^^be in font cmr10!
Missing character: There is no ^^8b in font cmr10!
Missing character: There is no ^^e3 in font cmr10!
Missing character: There is no ^^81 in font cmr10!
Missing character: There is no ^^ae in font cmr10!
Missing character: There is no ^^e9 in font cmr10!
Missing character: There is no ^^96 in font cmr10!
Missing character: There is no ^^a2 in font cmr10!
Missing character: There is no ^^e4 in font cmr10!
Missing character: There is no ^^bf in font cmr10!
Missing character: There is no ^^82 in font cmr10!
Missing character: There is no ^^e3 in font cmr10!
Missing character: There is no ^^81 in font cmr10!
Missing character: There is no ^^8c in font cmr10!
Missing character: There is no ^^e6 in font cmr10!
Missing character: There is no ^^88 in font cmr10!
Missing character: There is no ^^90 in font cmr10!
Missing character: There is no ^^e3 in font cmr10!
Missing character: There is no ^^82 in font cmr10!
Missing character: There is no ^^8a in font cmr10!
Missing character: There is no ^^e7 in font cmr10!
Missing character: There is no ^^ab in font cmr10!
Missing character: There is no ^^8b in font cmr10!
Missing character: There is no ^^e3 in font cmr10!
Missing character: There is no ^^81 in font cmr10!
Missing character: There is no ^^a3 in font cmr10!
Missing character: There is no ^^e3 in font cmr10!
Missing character: There is no ^^81 in font cmr10!
Missing character: There is no ^^a6 in font cmr10!
Missing character: There is no ^^e3 in font cmr10!
Missing character: There is no ^^81 in font cmr10!
Missing character: There is no ^^8a in font cmr10!
Missing character: There is no ^^e3 in font cmr10!
Missing character: There is no ^^82 in font cmr10!
Missing character: There is no ^^8a in font cmr10!
Missing character: There is no ^^e3 in font cmr10!
Missing character: There is no ^^80 in font cmr10!
Missing character: There is no ^^81 in font cmr10!
Missing character: There is no ^^e3 in font cmr10!
Missing character: There is no ^^82 in font cmr10!
Missing character: There is no ^^92 in font cmr10!
Missing character: There is no ^^e5 in font cmr10!
Missing character: There is no ^^a2 in font cmr10!
Missing character: There is no ^^97 in font cmr10!
Missing character: There is no ^^e3 in font cmr10!
Missing character: There is no ^^82 in font cmr10!
Missing character: There is no ^^84 in font cmr10!
Missing character: There is no ^^e3 in font cmr10!
Missing character: There is no ^^81 in font cmr10!
Missing character: There is no ^^99 in font cmr10!
Missing character: There is no ^^e3 in font cmr10!
Missing character: There is no ^^81 in font cmr10!
Missing character: There is no ^^93 in font cmr10!
Missing character: There is no ^^e3 in font cmr10!
Missing character: There is no ^^81 in font cmr10!
Missing character: There is no ^^a8 in font cmr10!
Missing character: There is no ^^e3 in font cmr10!
Missing character: There is no ^^81 in font cmr10!
Missing character: There is no ^^a8 in font cmr10!
Missing character: There is no ^^e3 in font cmr10!
Missing character: There is no ^^82 in font cmr10!
Missing character: There is no ^^92 in font cmr10!
Missing character: There is no ^^e5 in font cmr10!
Missing character: There is no ^^a2 in font cmr10!
Missing character: There is no ^^97 in font cmr10!
Missing character: There is no ^^e3 in font cmr10!
Missing character: There is no ^^82 in font cmr10!
Missing character: There is no ^^84 in font cmr10!
Missing character: There is no ^^e3 in font cmr10!
Missing character: There is no ^^81 in font cmr10!
Missing character: There is no ^^99 in font cmr10!
Missing character: There is no ^^e3 in font cmr10!
Missing character: There is no ^^81 in font cmr10!
Missing character: There is no ^^93 in font cmr10!
Missing character: There is no ^^e3 in font cmr10!
Missing character: There is no ^^81 in font cmr10!
Missing character: There is no ^^a8 in font cmr10!
Missing character: There is no ^^e3 in font cmr10!
Missing character: There is no ^^81 in font cmr10!
Missing character: There is no ^^af in font cmr10!
Missing character: There is no ^^e3 in font cmr10!
Missing character: There is no ^^81 in font cmr10!
Missing character: There is no ^^93 in font cmr10!
Missing character: There is no ^^e3 in font cmr10!
Missing character: There is no ^^81 in font cmr10!
Missing character: There is no ^^ae in font cmr10!
Missing character: There is no ^^e5 in font cmr10!
Missing character: There is no ^^a0 in font cmr10!
Missing character: There is no ^^b4 in font cmr10!
Missing character: There is no ^^e5 in font cmr10!
Missing character: There is no ^^90 in font cmr10!
Missing character: There is no ^^88 in font cmr10!
Missing character: There is no ^^e7 in font cmr10!
Missing character: There is no ^^ad in font cmr10!
Missing character: There is no ^^89 in font cmr10!
Missing character: There is no ^^e4 in font cmr10!
Missing character: There is no ^^be in font cmr10!
Missing character: There is no ^^a1 in font cmr10!
Missing character: There is no ^^e3 in font cmr10!
Missing character: There is no ^^81 in font cmr10!
Missing character: There is no ^^a7 in font cmr10!
Missing character: There is no ^^e3 in font cmr10!
Missing character: There is no ^^81 in font cmr10!
Missing character: There is no ^^82 in font cmr10!
Missing character: There is no ^^e3 in font cmr10!
Missing character: There is no ^^82 in font cmr10!
Missing character: There is no ^^8b in font cmr10!
Missing character: There is no ^^e3 in font cmr10!
Missing character: There is no ^^81 in font cmr10!
Missing character: There is no ^^8b in font cmr10!
Missing character: There is no ^^e3 in font cmr10!
Missing character: There is no ^^82 in font cmr10!
Missing character: There is no ^^89 in font cmr10!
Missing character: There is no ^^e3 in font cmr10!
Missing character: There is no ^^80 in font cmr10!
Missing character: There is no ^^81 in font cmr10!
Missing character: There is no ^^e3 in font cmr10!
Missing character: There is no ^^82 in font cmr10!
Missing character: There is no ^^88 in font cmr10!
Missing character: There is no ^^e3 in font cmr10!
Missing character: There is no ^^82 in font cmr10!
Missing character: There is no ^^8a in font cmr10!
Missing character: There is no ^^e7 in font cmr10!
Missing character: There is no ^^b4 in font cmr10!
Missing character: There is no ^^b0 in font cmr10!
Missing character: There is no ^^e3 in font cmr10!
Missing character: There is no ^^81 in font cmr10!
Missing character: There is no ^^8b in font cmr10!
Missing character: There is no ^^e3 in font cmr10!
Missing character: There is no ^^81 in font cmr10!
Missing character: There is no ^^8f in font cmr10!
Missing character: There is no ^^e5 in font cmr10!
Missing character: There is no ^^80 in font cmr10!
Missing character: There is no ^^a4 in font cmr10!
Missing character: There is no ^^e3 in font cmr10!
Missing character: There is no ^^82 in font cmr10!
Missing character: There is no ^^92 in font cmr10!
Missing character: There is no ^^e5 in font cmr10!
Missing character: There is no ^^88 in font cmr10!
Missing character: There is no ^^bb in font cmr10!
Missing character: There is no ^^e3 in font cmr10!
Missing character: There is no ^^82 in font cmr10!
Missing character: There is no ^^80 in font cmr10!
Missing character: There is no ^^e3 in font cmr10!
Missing character: There is no ^^81 in font cmr10!
Missing character: There is no ^^93 in font cmr10!
Missing character: There is no ^^e3 in font cmr10!
Missing character: There is no ^^81 in font cmr10!
Missing character: There is no ^^a8 in font cmr10!
Missing character: There is no ^^e3 in font cmr10!
Missing character: There is no ^^81 in font cmr10!
Missing character: There is no ^^ae in font cmr10!
Missing character: There is no ^^e3 in font cmr10!
Missing character: There is no ^^81 in font cmr10!
Missing character: There is no ^^a7 in font cmr10!
Missing character: There is no ^^e3 in font cmr10!
Missing character: There is no ^^81 in font cmr10!
Missing character: There is no ^^8d in font cmr10!
Missing character: There is no ^^e3 in font cmr10!
Missing character: There is no ^^82 in font cmr10!
Missing character: There is no ^^8b in font cmr10!
Missing character: There is no ^^e3 in font cmr10!
Missing character: There is no ^^82 in font cmr10!
Missing character: There is no ^^92 in font cmr10!
Missing character: There is no ^^e5 in font cmr10!
Missing character: There is no ^^a4 in font cmr10!
Missing character: There is no ^^89 in font cmr10!
Missing character: There is no ^^e5 in font cmr10!
Missing character: There is no ^^8c in font cmr10!
Missing character: There is no ^^96 in font cmr10!
Missing character: There is no ^^e3 in font cmr10!
Missing character: There is no ^^81 in font cmr10!
Missing character: There is no ^^95 in font cmr10!
Missing character: There is no ^^e3 in font cmr10!
Missing character: There is no ^^81 in font cmr10!
Missing character: There is no ^^9b in font cmr10!
Missing character: There is no ^^e3 in font cmr10!
Missing character: There is no ^^81 in font cmr10!
Missing character: There is no ^^9f in font cmr10!
Missing character: There is no ^^e3 in font cmr10!
Missing character: There is no ^^81 in font cmr10!
Missing character: There is no ^^a8 in font cmr10!
Missing character: There is no ^^e3 in font cmr10!
Missing character: There is no ^^81 in font cmr10!
Missing character: There is no ^^8d in font cmr10!
Missing character: There is no ^^e3 in font cmr10!
Missing character: There is no ^^81 in font cmr10!
Missing character: There is no ^^ae in font cmr10!
Missing character: There is no ^^e3 in font cmr10!
Missing character: There is no ^^82 in font cmr10!
Missing character: There is no ^^af in font cmr10!
Missing character: There is no ^^e3 in font cmr10!
Missing character: There is no ^^83 in font cmr10!
Missing character: There is no ^^a9 in font cmr10!
Missing character: There is no ^^e3 in font cmr10!
Missing character: There is no ^^82 in font cmr10!
Missing character: There is no ^^b9 in font cmr10!
Missing character: There is no ^^e3 in font cmr10!
Missing character: There is no ^^82 in font cmr10!
Missing character: There is no ^^bf in font cmr10!
Missing character: There is no ^^e3 in font cmr10!
Missing character: There is no ^^83 in font cmr10!
Missing character: There is no ^^bc in font cmr10!
Missing character: There is no ^^e6 in font cmr10!
Missing character: There is no ^^95 in font cmr10!
Missing character: There is no ^^b0 in font cmr10!
Missing character: There is no ^^e3 in font cmr10!
Missing character: There is no ^^81 in font cmr10!
Missing character: There is no ^^a8 in font cmr10!
Missing character: There is no ^^e3 in font cmr10!
Missing character: There is no ^^81 in font cmr10!
Missing character: There is no ^^ae in font cmr10!
Missing character: There is no ^^e9 in font cmr10!
Missing character: There is no ^^96 in font cmr10!
Missing character: There is no ^^93 in font cmr10!
Missing character: There is no ^^e3 in font cmr10!
Missing character: There is no ^^81 in font cmr10!
Missing character: There is no ^^ae in font cmr10!
Missing character: There is no ^^e9 in font cmr10!
Missing character: There is no ^^96 in font cmr10!
Missing character: There is no ^^a2 in font cmr10!
Missing character: There is no ^^e4 in font cmr10!
Missing character: There is no ^^bf in font cmr10!
Missing character: There is no ^^82 in font cmr10!
Missing character: There is no ^^e3 in font cmr10!
Missing character: There is no ^^81 in font cmr10!
Missing character: There is no ^^ab in font cmr10!
Missing character: There is no ^^e3 in font cmr10!
Missing character: There is no ^^81 in font cmr10!
Missing character: There is no ^^a4 in font cmr10!
Missing character: There is no ^^e3 in font cmr10!
Missing character: There is no ^^81 in font cmr10!
Missing character: There is no ^^84 in font cmr10!
Missing character: There is no ^^e3 in font cmr10!
Missing character: There is no ^^81 in font cmr10!
Missing character: There is no ^^a6 in font cmr10!
Missing character: There is no ^^e8 in font cmr10!
Missing character: There is no ^^aa in font cmr10!
Missing character: There is no ^^bf in font cmr10!
Missing character: There is no ^^e3 in font cmr10!
Missing character: There is no ^^81 in font cmr10!
Missing character: There is no ^^b9 in font cmr10!
Missing character: There is no ^^e3 in font cmr10!
Missing character: There is no ^^81 in font cmr10!
Missing character: There is no ^^9f in font cmr10!
Missing character: There is no ^^e3 in font cmr10!
Missing character: There is no ^^80 in font cmr10!
Missing character: There is no ^^82 in font cmr10!
Missing character: There is no ^^e6 in font cmr10!
Missing character: There is no ^^a8 in font cmr10!
Missing character: There is no ^^aa in font cmr10!
Missing character: There is no ^^e8 in font cmr10!
Missing character: There is no ^^bb in font cmr10!
Missing character: There is no ^^b8 in font cmr10!
Missing character: There is no ^^e3 in font cmr10!
Missing character: There is no ^^82 in font cmr10!
Missing character: There is no ^^92 in font cmr10!
Missing character: There is no ^^e3 in font cmr10!
Missing character: There is no ^^80 in font cmr10!
Missing character: There is no ^^81 in font cmr10!
Missing character: There is no ^^e7 in font cmr10!
Missing character: There is no ^^b8 in font cmr10!
Missing character: There is no ^^a6 in font cmr10!
Missing character: There is no ^^e8 in font cmr10!
Missing character: There is no ^^bb in font cmr10!
Missing character: There is no ^^b8 in font cmr10!
Missing character: There is no ^^e3 in font cmr10!
Missing character: There is no ^^82 in font cmr10!
Missing character: There is no ^^92 in font cmr10!
Missing character: There is no ^^e5 in font cmr10!
Missing character: There is no ^^b9 in font cmr10!
Missing character: There is no ^^b3 in font cmr10!
Missing character: There is no ^^e5 in font cmr10!
Missing character: There is no ^^9d in font cmr10!
Missing character: There is no ^^87 in font cmr10!
Missing character: There is no ^^e3 in font cmr10!
Missing character: There is no ^^81 in font cmr10!
Missing character: There is no ^^ae in font cmr10!
Missing character: There is no ^^e3 in font cmr10!
Missing character: There is no ^^82 in font cmr10!
Missing character: There is no ^^b9 in font cmr10!
Missing character: There is no ^^e3 in font cmr10!
Missing character: There is no ^^83 in font cmr10!
Missing character: There is no ^^86 in font cmr10!
Missing character: There is no ^^e3 in font cmr10!
Missing character: There is no ^^83 in font cmr10!
Missing character: There is no ^^83 in font cmr10!
Missing character: There is no ^^e3 in font cmr10!
Missing character: There is no ^^83 in font cmr10!
Missing character: There is no ^^97 in font cmr10!
Missing character: There is no ^^e9 in font cmr10!
Missing character: There is no ^^96 in font cmr10!
Missing character: There is no ^^93 in font cmr10!
Missing character: There is no ^^e8 in font cmr10!
Missing character: There is no ^^b7 in font cmr10!
Missing character: There is no ^^9d in font cmr10!
Missing character: There is no ^^e9 in font cmr10!
Missing character: There is no ^^9b in font cmr10!
Missing character: There is no ^^a2 in font cmr10!
Missing character: There is no ^^e3 in font cmr10!
Missing character: There is no ^^81 in font cmr10!
Missing character: There is no ^^a8 in font cmr10!
Missing character: There is no ^^e3 in font cmr10!
Missing character: There is no ^^81 in font cmr10!
Missing character: There is no ^^97 in font cmr10!
Missing character: There is no ^^e3 in font cmr10!
Missing character: There is no ^^81 in font cmr10!
Missing character: There is no ^^9f in font cmr10!
Missing character: There is no ^^e3 in font cmr10!
Missing character: There is no ^^82 in font cmr10!
Missing character: There is no ^^b0 in font cmr10!
Missing character: There is no ^^e3 in font cmr10!
Missing character: There is no ^^83 in font cmr10!
Missing character: There is no ^^a9 in font cmr10!
Missing character: There is no ^^e3 in font cmr10!
Missing character: There is no ^^83 in font cmr10!
Missing character: There is no ^^95 in font cmr10!
Missing character: There is no ^^e3 in font cmr10!
Missing character: There is no ^^82 in font cmr10!
Missing character: There is no ^^92 in font cmr10!
Missing character: There is no ^^e5 in font cmr10!
Missing character: There is no ^^9b in font cmr10!
Missing character: There is no ^^b3 in font cmr10!

! Undefined control sequence.
l.1 ...^a9^^e3^^83^^95^^e3^^82^^92^^e5^^9b^^b3\ref
                                                  {fig:f19}^^e3^^81^^ab^^e7^...

? 
! Emergency stop.
l.1 ...^a9^^e3^^83^^95^^e3^^82^^92^^e5^^9b^^b3\ref
                                                  {fig:f19}^^e3^^81^^ab^^e7^...
End of file on the terminal!

No pages of output.
