This is e-pTeX, Version 3.1415926-p3.4-110825-2.6 (utf8.euc) (TeX Live 2013/Debian) (format=platex 2014.4.21)  30 JAN 2015 21:36
entering extended mode
 restricted \write18 enabled.
 %&-line parsing enabled.
**00-all.
(/usr/share/texlive/texmf-dist/tex/latex/tools/q.tex
! Interruption.
<to be read again> 
                   \begingroup 
l.1 
    %%
? 
! Emergency stop.
<to be read again> 
                   \begingroup 
l.1 
    %%
End of file on the terminal!

 
Here is how much of TeX's memory you used:
 8 strings out of 495129
 163 string characters out of 6182595
 49049 words of memory out of 5000000
 3450 multiletter control sequences out of 15000+600000
 7519 words of font info for 31 fonts, out of 8000000 for 9000
 80 hyphenation exceptions out of 8191
 3i,0n,1p,12b,6s stack positions out of 5000i,500n,10000p,200000b,80000s
No pages of output.
